{
  "stats": {
    "suites": 1,
    "tests": 1,
    "passes": 1,
    "pending": 0,
    "failures": 0,
    "start": "2021-05-21T02:59:01.678Z",
    "end": "2021-05-21T02:59:05.058Z",
    "duration": 3380,
    "testsRegistered": 1,
    "passPercent": 100,
    "pendingPercent": 0,
    "other": 0,
    "hasOther": false,
    "skipped": 0,
    "hasSkipped": false
  },
  "results": [
    {
      "uuid": "a740595c-e1bf-4538-a0e1-02ca73e13e3f",
      "title": "",
      "fullFile": "cypress/integration/examples/QAM/TC06_aliases.spec.js",
      "file": "cypress/integration/examples/QAM/TC06_aliases.spec.js",
      "beforeHooks": [],
      "afterHooks": [],
      "tests": [],
      "suites": [
        {
          "uuid": "e64da9b8-949d-4820-a382-1973ae26d77a",
          "title": "Create and mark-unmark as favorite",
          "fullFile": "",
          "file": "",
          "beforeHooks": [],
          "afterHooks": [],
          "tests": [
            {
              "title": "Create a post",
              "fullTitle": "Create and mark-unmark as favorite Create a post",
              "timedOut": null,
              "duration": 3310,
              "state": "passed",
              "speed": "slow",
              "pass": true,
              "fail": false,
              "pending": false,
              "context": null,
              "code": "//cy.contains(\"New Post\").click();\ncy.get('ul.navbar-nav').children().as('menu');\ncy.get('@menu').contains('New Post').click(); //cy.get('ul.navbar-nav').children().contains('New Post').click()\ncy.hash().should(\"include\", \"#/editor\");\ncy.get('form').within($form => {\n  cy.get('input').first().type(\"Test\");\n  cy.get('input').eq(1).type(\"Test 1\");\n  cy.get('textarea').last().type(\"Test 2\");\n  cy.contains(\"Publish Article\").click();\n});\ncy.url().should(\"include\", \"article\");",
              "err": {},
              "uuid": "7362eb87-7ff2-42e4-a941-f5c6af44a379",
              "parentUUID": "e64da9b8-949d-4820-a382-1973ae26d77a",
              "isHook": false,
              "skipped": false
            }
          ],
          "suites": [],
          "passes": [
            "7362eb87-7ff2-42e4-a941-f5c6af44a379"
          ],
          "failures": [],
          "pending": [],
          "skipped": [],
          "duration": 3310,
          "root": false,
          "rootEmpty": false,
          "_timeout": 2000
        }
      ],
      "passes": [],
      "failures": [],
      "pending": [],
      "skipped": [],
      "duration": 0,
      "root": true,
      "rootEmpty": true,
      "_timeout": 2000
    }
  ],
  "meta": {
    "mocha": {
      "version": "7.0.1"
    },
    "mochawesome": {
      "options": {
        "quiet": false,
        "reportFilename": "mochawesome",
        "saveHtml": false,
        "saveJson": true,
        "consoleReporter": "spec",
        "useInlineDiffs": false,
        "code": true
      },
      "version": "6.2.2"
    },
    "marge": {
      "options": {
        "id": "default",
        "reportDir": "cypress/reports/mocha",
        "quite": true,
        "overwrite": false,
        "html": false,
        "json": true
      },
      "version": "5.2.0"
    }
  }
}