{
  "stats": {
    "suites": 1,
    "tests": 2,
    "passes": 1,
    "pending": 0,
    "failures": 1,
    "start": "2021-05-21T02:58:53.594Z",
    "end": "2021-05-21T02:58:58.447Z",
    "duration": 4853,
    "testsRegistered": 2,
    "passPercent": 50,
    "pendingPercent": 0,
    "other": 0,
    "hasOther": false,
    "skipped": 0,
    "hasSkipped": false
  },
  "results": [
    {
      "uuid": "af60233e-4fd0-4d8b-8a11-c30c092284a6",
      "title": "",
      "fullFile": "cypress/integration/examples/QAM/TC05_thenCommand.spec.js",
      "file": "cypress/integration/examples/QAM/TC05_thenCommand.spec.js",
      "beforeHooks": [],
      "afterHooks": [],
      "tests": [],
      "suites": [
        {
          "uuid": "66dd83c1-43e2-4295-9c2b-84ff34e8ebd4",
          "title": "Create and mark-unmark as favorite",
          "fullFile": "",
          "file": "",
          "beforeHooks": [],
          "afterHooks": [],
          "tests": [
            {
              "title": "Create a post",
              "fullTitle": "Create and mark-unmark as favorite Create a post",
              "timedOut": null,
              "duration": 3537,
              "state": "passed",
              "speed": "slow",
              "pass": true,
              "fail": false,
              "pending": false,
              "context": null,
              "code": "//cy.contains(\"New Post\").click();\ncy.get('ul.navbar-nav').children().contains('New Post').click();\ncy.hash().should(\"include\", \"#/editor\");\ncy.get('form').within($form => {\n  cy.get('input').first().type(\"Test\");\n  cy.get('input').eq(1).type(\"Test 1\");\n  cy.get('textarea').last().type(\"Test 2\");\n  cy.contains(\"Publish Article\").click();\n});\ncy.url().should(\"include\", \"article\");",
              "err": {},
              "uuid": "d6f9d2dd-bcbc-49bc-b29b-f87e75abe6c9",
              "parentUUID": "66dd83c1-43e2-4295-9c2b-84ff34e8ebd4",
              "isHook": false,
              "skipped": false
            },
            {
              "title": "Mark-unmark as favorite",
              "fullTitle": "Create and mark-unmark as favorite Mark-unmark as favorite",
              "timedOut": null,
              "duration": 1254,
              "state": "failed",
              "speed": null,
              "pass": false,
              "fail": true,
              "pending": false,
              "context": null,
              "code": "//cy.get(\".nav-link\").contains(\"dperez\").click();\ncy.get(\"ul.navbar-nav\").children().contains(\"dperez\").click();\ncy.contains(\"My Articles\").should(\"be.visible\");\ncy.get(\".ion-heart\").first().click();\ncy.contains(\"Favorited Articles\").click();\ncy.url().should(\"include\", \"favorites\");\ncy.get('.btn-primary').first().then($fav => {\n  const favCount = $fav.text();\n  expect(parseInt(favCount)).to.eq(1);\n}).click();",
              "err": {
                "message": "TypeError: The following error originated from your application code, not from Cypress. It was caused by an unhandled promise rejection.\n\n  > Cannot read property 'forEach' of undefined\n\nWhen Cypress detects uncaught errors originating from your application it will automatically fail the current test.\n\nThis behavior is configurable, and you can choose to turn this off by listening to the `uncaught:exception` event.\n\nhttps://on.cypress.io/uncaught-exception-from-application",
                "estack": "TypeError: The following error originated from your application code, not from Cypress. It was caused by an unhandled promise rejection.\n\n  > Cannot read property 'forEach' of undefined\n\nWhen Cypress detects uncaught errors originating from your application it will automatically fail the current test.\n\nThis behavior is configurable, and you can choose to turn this off by listening to the `uncaught:exception` event.\n\nhttps://on.cypress.io/uncaught-exception-from-application\n    at module.exports (https://react-redux.realworld.io/main.js:28386:23)\n    at module.exports (https://react-redux.realworld.io/main.js:28304:12)\n    at dispatch (https://react-redux.realworld.io/main.js:27689:23)\n    at https://react-redux.realworld.io/main.js:28271:8\n    at https://react-redux.realworld.io/main.js:28253:8\n    at Object.dispatch (https://react-redux.realworld.io/main.js:28175:19)\n    at store.dispatch.type (https://react-redux.realworld.io/main.js:28240:18)",
                "diff": null
              },
              "uuid": "37eda23f-4cc0-4a05-9efe-3c77ca78b983",
              "parentUUID": "66dd83c1-43e2-4295-9c2b-84ff34e8ebd4",
              "isHook": false,
              "skipped": false
            }
          ],
          "suites": [],
          "passes": [
            "d6f9d2dd-bcbc-49bc-b29b-f87e75abe6c9"
          ],
          "failures": [
            "37eda23f-4cc0-4a05-9efe-3c77ca78b983"
          ],
          "pending": [],
          "skipped": [],
          "duration": 4791,
          "root": false,
          "rootEmpty": false,
          "_timeout": 2000
        }
      ],
      "passes": [],
      "failures": [],
      "pending": [],
      "skipped": [],
      "duration": 0,
      "root": true,
      "rootEmpty": true,
      "_timeout": 2000
    }
  ],
  "meta": {
    "mocha": {
      "version": "7.0.1"
    },
    "mochawesome": {
      "options": {
        "quiet": false,
        "reportFilename": "mochawesome",
        "saveHtml": false,
        "saveJson": true,
        "consoleReporter": "spec",
        "useInlineDiffs": false,
        "code": true
      },
      "version": "6.2.2"
    },
    "marge": {
      "options": {
        "id": "default",
        "reportDir": "cypress/reports/mocha",
        "quite": true,
        "overwrite": false,
        "html": false,
        "json": true
      },
      "version": "5.2.0"
    }
  }
}