{
  "stats": {
    "suites": 1,
    "tests": 2,
    "passes": 1,
    "pending": 0,
    "failures": 1,
    "start": "2021-05-21T02:57:43.692Z",
    "end": "2021-05-21T02:57:53.357Z",
    "duration": 9665,
    "testsRegistered": 2,
    "passPercent": 50,
    "pendingPercent": 0,
    "other": 0,
    "hasOther": false,
    "skipped": 0,
    "hasSkipped": false
  },
  "results": [
    {
      "uuid": "9877430f-d81f-4390-89d0-c17381031e7b",
      "title": "",
      "fullFile": "cypress/integration/examples/FirstTest.js",
      "file": "cypress/integration/examples/FirstTest.js",
      "beforeHooks": [],
      "afterHooks": [],
      "tests": [],
      "suites": [
        {
          "uuid": "72e6df41-e296-4e51-896b-33a53c762353",
          "title": "MyTestSuite",
          "fullFile": "",
          "file": "",
          "beforeHooks": [],
          "afterHooks": [],
          "tests": [
            {
              "title": "Verify Title Of The Page",
              "fullTitle": "MyTestSuite Verify Title Of The Page",
              "timedOut": null,
              "duration": 1853,
              "state": "passed",
              "speed": "slow",
              "pass": true,
              "fail": false,
              "pending": false,
              "context": null,
              "code": "cy.visit('https://demo.nopcommerce.com/');\ncy.title().should('eq', 'nopCommerce demo store');",
              "err": {},
              "uuid": "0a2fa3a7-d140-4a6c-b216-b52309983570",
              "parentUUID": "72e6df41-e296-4e51-896b-33a53c762353",
              "isHook": false,
              "skipped": false
            },
            {
              "title": "Verify Title Of The Page - Negative",
              "fullTitle": "MyTestSuite Verify Title Of The Page - Negative",
              "timedOut": null,
              "duration": 5435,
              "state": "failed",
              "speed": null,
              "pass": false,
              "fail": true,
              "pending": false,
              "context": null,
              "code": "cy.visit('https://demo.nopcommerce.com/');\ncy.title().should('eq', 'nopCommerce store');",
              "err": {
                "message": "AssertionError: Timed out retrying after 4000ms: expected 'nopCommerce demo store' to equal 'nopCommerce store'",
                "estack": "AssertionError: Timed out retrying after 4000ms: expected 'nopCommerce demo store' to equal 'nopCommerce store'\n    at Context.eval (https://demo.nopcommerce.com/__cypress/tests?p=cypress\\integration\\examples\\FirstTest.js:106:16)",
                "diff": "- 'nopCommerce demo store'\n+ 'nopCommerce store'\n"
              },
              "uuid": "fb7af91c-62d4-4309-ad0b-df1af96d9c35",
              "parentUUID": "72e6df41-e296-4e51-896b-33a53c762353",
              "isHook": false,
              "skipped": false
            }
          ],
          "suites": [],
          "passes": [
            "0a2fa3a7-d140-4a6c-b216-b52309983570"
          ],
          "failures": [
            "fb7af91c-62d4-4309-ad0b-df1af96d9c35"
          ],
          "pending": [],
          "skipped": [],
          "duration": 7288,
          "root": false,
          "rootEmpty": false,
          "_timeout": 2000
        }
      ],
      "passes": [],
      "failures": [],
      "pending": [],
      "skipped": [],
      "duration": 0,
      "root": true,
      "rootEmpty": true,
      "_timeout": 2000
    }
  ],
  "meta": {
    "mocha": {
      "version": "7.0.1"
    },
    "mochawesome": {
      "options": {
        "quiet": false,
        "reportFilename": "mochawesome",
        "saveHtml": false,
        "saveJson": true,
        "consoleReporter": "spec",
        "useInlineDiffs": false,
        "code": true
      },
      "version": "6.2.2"
    },
    "marge": {
      "options": {
        "id": "default",
        "reportDir": "cypress/reports/mocha",
        "quite": true,
        "overwrite": false,
        "html": false,
        "json": true
      },
      "version": "5.2.0"
    }
  }
}