{
  "stats": {
    "suites": 9,
    "tests": 16,
    "passes": 12,
    "pending": 0,
    "failures": 4,
    "start": "2021-05-21T02:57:43.692Z",
    "end": "2021-05-21T02:59:12.330Z",
    "duration": 51110,
    "testsRegistered": 16,
    "passPercent": 75,
    "pendingPercent": 0,
    "other": 0,
    "hasOther": false,
    "skipped": 0,
    "hasSkipped": false
  },
  "results": [
    {
      "uuid": "3e2efbb6-f2d1-4e89-b26b-63e10fae9a31",
      "title": "",
      "fullFile": "cypress/integration/examples/Locators.spec.js",
      "file": "cypress/integration/examples/Locators.spec.js",
      "beforeHooks": [],
      "afterHooks": [],
      "tests": [],
      "suites": [
        {
          "uuid": "409dccf9-cd24-4211-beec-7cf448090827",
          "title": "Locating Elements",
          "fullFile": "",
          "file": "",
          "beforeHooks": [],
          "afterHooks": [],
          "tests": [
            {
              "title": "Verify types of locators",
              "fullTitle": "Locating Elements Verify types of locators",
              "timedOut": null,
              "duration": 16795,
              "state": "passed",
              "speed": "slow",
              "pass": true,
              "fail": false,
              "pending": false,
              "context": null,
              "code": "cy.viewport(1920, 1080);\ncy.visit(\"https://demo.nopcommerce.com/\"); // Opens the url for\ncy.get(\"#small-searchterms\").type(\"Apple MacBook Pro 13-inch\");\ncy.get(\"[type='submit']\").click();\ncy.scrollTo(\"bottom\");\ncy.get(\".product-box-add-to-cart-button\").click();\ncy.get(\"#product_enteredQuantity_4\").clear().type('2');\ncy.scrollTo(\"top\");\ncy.get(\"#add-to-cart-button-4\").click();\ncy.wait(5000); // 5 seconds\ncy.get(\"#topcartlink > a > span.cart-label\").click();\ncy.wait(3000); // 3 seconds\ncy.get(\".product-unit-price\").contains(\"$1,800.00\");",
              "err": {},
              "uuid": "3905e2ca-00d6-4409-9bf2-e6b331f56511",
              "parentUUID": "409dccf9-cd24-4211-beec-7cf448090827",
              "isHook": false,
              "skipped": false
            }
          ],
          "suites": [],
          "passes": [
            "3905e2ca-00d6-4409-9bf2-e6b331f56511"
          ],
          "failures": [],
          "pending": [],
          "skipped": [],
          "duration": 16795,
          "root": false,
          "rootEmpty": false,
          "_timeout": 2000
        }
      ],
      "passes": [],
      "failures": [],
      "pending": [],
      "skipped": [],
      "duration": 0,
      "root": true,
      "rootEmpty": true,
      "_timeout": 2000
    },
    {
      "uuid": "8eeb9922-7b10-425a-a936-d38ff6b4acbe",
      "title": "",
      "fullFile": "cypress/integration/examples/QAM/TC01_basics.spec.js",
      "file": "cypress/integration/examples/QAM/TC01_basics.spec.js",
      "beforeHooks": [],
      "afterHooks": [],
      "tests": [],
      "suites": [
        {
          "uuid": "a1f0487d-f6af-4391-8fdc-84d55eb2e886",
          "title": "Login",
          "fullFile": "",
          "file": "",
          "beforeHooks": [],
          "afterHooks": [],
          "tests": [
            {
              "title": "Sign in",
              "fullTitle": "Login Sign in",
              "timedOut": null,
              "duration": 3119,
              "state": "passed",
              "speed": "slow",
              "pass": true,
              "fail": false,
              "pending": false,
              "context": null,
              "code": "cy.visit('https://react-redux.realworld.io/#/login');\ncy.get('input[type=\"email\"]').type('dperez@gmail.com');\ncy.get('input[type=\"password\"]').type('12345678');\ncy.get('.btn').contains('Sign in').should('be.visible').click();",
              "err": {},
              "uuid": "6eb4af94-2a66-4a06-a35d-744c363f9a63",
              "parentUUID": "a1f0487d-f6af-4391-8fdc-84d55eb2e886",
              "isHook": false,
              "skipped": false
            }
          ],
          "suites": [],
          "passes": [
            "6eb4af94-2a66-4a06-a35d-744c363f9a63"
          ],
          "failures": [],
          "pending": [],
          "skipped": [],
          "duration": 3119,
          "root": false,
          "rootEmpty": false,
          "_timeout": 2000
        }
      ],
      "passes": [],
      "failures": [],
      "pending": [],
      "skipped": [],
      "duration": 0,
      "root": true,
      "rootEmpty": true,
      "_timeout": 2000
    },
    {
      "uuid": "b95a58cd-5e6d-44ac-bd52-3f76f901562c",
      "title": "",
      "fullFile": "cypress/integration/examples/QAM/TC02_url.spec.js",
      "file": "cypress/integration/examples/QAM/TC02_url.spec.js",
      "beforeHooks": [],
      "afterHooks": [],
      "tests": [],
      "suites": [
        {
          "uuid": "a3d8191a-4381-415b-b404-a146b6146a51",
          "title": "Create and mark-unmark as favorite",
          "fullFile": "",
          "file": "",
          "beforeHooks": [],
          "afterHooks": [],
          "tests": [
            {
              "title": "Sign in",
              "fullTitle": "Create and mark-unmark as favorite Sign in",
              "timedOut": null,
              "duration": 1954,
              "state": "passed",
              "speed": "slow",
              "pass": true,
              "fail": false,
              "pending": false,
              "context": null,
              "code": "cy.visit('https://react-redux.realworld.io/#/login');\ncy.title().should('eq', 'Conduit');\ncy.location('protocol').should('eq', 'https:');\ncy.get('input[type=\"email\"]').type('dperez@gmail.com');\ncy.get('input[type=\"password\"]').type('12345678');\ncy.get('.btn').contains('Sign in').should('be.visible').click();\ncy.contains('Your Feed', {\n  timeout: 10000\n}).should('be.visible');",
              "err": {},
              "uuid": "e518ebeb-e5a8-407c-8626-e69cd09de94e",
              "parentUUID": "a3d8191a-4381-415b-b404-a146b6146a51",
              "isHook": false,
              "skipped": false
            },
            {
              "title": "Create a post",
              "fullTitle": "Create and mark-unmark as favorite Create a post",
              "timedOut": null,
              "duration": 1524,
              "state": "passed",
              "speed": "slow",
              "pass": true,
              "fail": false,
              "pending": false,
              "context": null,
              "code": "cy.contains('New Post').click();\ncy.hash().should('include', '#/editor');\ncy.get('input[placeholder=\"Article Title\"').type('Test');\ncy.get('input[placeholder=\"What\\'s this article about?\"]').type('Test 1');\ncy.get('textarea[placeholder=\"Write your article (in markdown)\"]').type('Test 2');\ncy.contains('Publish Article').click();\ncy.url().should('include', 'article');",
              "err": {},
              "uuid": "19352a1f-7e6c-4081-94a4-22d9083049ad",
              "parentUUID": "a3d8191a-4381-415b-b404-a146b6146a51",
              "isHook": false,
              "skipped": false
            },
            {
              "title": "Mark-unmark as favorite",
              "fullTitle": "Create and mark-unmark as favorite Mark-unmark as favorite",
              "timedOut": null,
              "duration": 1670,
              "state": "failed",
              "speed": null,
              "pass": false,
              "fail": true,
              "pending": false,
              "context": null,
              "code": "cy.get('.nav-link').contains('dperez').click();\ncy.contains('My Articles').should('be.visible');\ncy.get(':nth-child(1) > .article-meta > .pull-xs-right > .btn > .ion-heart').click();\ncy.contains('Favorited Articles').click();\ncy.url().should('include', 'favorites');\ncy.get(':nth-child(1) > .article-meta > .pull-xs-right > .btn > .ion-heart').click(); //cy.reload()\n//cy.contains('No articles are here... yet.').should('be.visible')\n//cy.go('back')",
              "err": {
                "message": "TypeError: The following error originated from your application code, not from Cypress. It was caused by an unhandled promise rejection.\n\n  > Cannot read property 'forEach' of undefined\n\nWhen Cypress detects uncaught errors originating from your application it will automatically fail the current test.\n\nThis behavior is configurable, and you can choose to turn this off by listening to the `uncaught:exception` event.\n\nhttps://on.cypress.io/uncaught-exception-from-application",
                "estack": "TypeError: The following error originated from your application code, not from Cypress. It was caused by an unhandled promise rejection.\n\n  > Cannot read property 'forEach' of undefined\n\nWhen Cypress detects uncaught errors originating from your application it will automatically fail the current test.\n\nThis behavior is configurable, and you can choose to turn this off by listening to the `uncaught:exception` event.\n\nhttps://on.cypress.io/uncaught-exception-from-application\n    at module.exports (https://react-redux.realworld.io/main.js:28386:23)\n    at module.exports (https://react-redux.realworld.io/main.js:28304:12)\n    at dispatch (https://react-redux.realworld.io/main.js:27689:23)\n    at https://react-redux.realworld.io/main.js:28271:8\n    at https://react-redux.realworld.io/main.js:28253:8\n    at Object.dispatch (https://react-redux.realworld.io/main.js:28175:19)\n    at store.dispatch.type (https://react-redux.realworld.io/main.js:28240:18)",
                "diff": null
              },
              "uuid": "1dc11212-9d7b-4747-9d42-c92cecb80709",
              "parentUUID": "a3d8191a-4381-415b-b404-a146b6146a51",
              "isHook": false,
              "skipped": false
            }
          ],
          "suites": [],
          "passes": [
            "e518ebeb-e5a8-407c-8626-e69cd09de94e",
            "19352a1f-7e6c-4081-94a4-22d9083049ad"
          ],
          "failures": [
            "1dc11212-9d7b-4747-9d42-c92cecb80709"
          ],
          "pending": [],
          "skipped": [],
          "duration": 5148,
          "root": false,
          "rootEmpty": false,
          "_timeout": 2000
        }
      ],
      "passes": [],
      "failures": [],
      "pending": [],
      "skipped": [],
      "duration": 0,
      "root": true,
      "rootEmpty": true,
      "_timeout": 2000
    },
    {
      "uuid": "40594e54-d499-46b7-a267-33494265d15a",
      "title": "",
      "fullFile": "cypress/integration/examples/QAM/TC03_identifyElements.spec.js",
      "file": "cypress/integration/examples/QAM/TC03_identifyElements.spec.js",
      "beforeHooks": [],
      "afterHooks": [],
      "tests": [],
      "suites": [
        {
          "uuid": "d8191958-e616-4894-8173-2a288563c057",
          "title": "Create and mark-unmark as favorite",
          "fullFile": "",
          "file": "",
          "beforeHooks": [],
          "afterHooks": [],
          "tests": [
            {
              "title": "Sign in",
              "fullTitle": "Create and mark-unmark as favorite Sign in",
              "timedOut": null,
              "duration": 2222,
              "state": "passed",
              "speed": "slow",
              "pass": true,
              "fail": false,
              "pending": false,
              "context": null,
              "code": "cy.visit(\"https://react-redux.realworld.io/#/login\");\ncy.title().should(\"eq\", \"Conduit\");\ncy.location(\"protocol\").should(\"eq\", \"https:\"); //cy.get('input[type=\"email\"]').type('dperez@gmail.com')\n//cy.get('input[type=\"password\"]').type('12345678')\n//cy.get('.btn').contains('Sign in').should('be.visible').click()\ncy.get(\"form\").within($form => {\n  cy.get('input[type=\"email\"]').type(\"dperez@gmail.com\");\n  cy.get('input[type=\"password\"]').type(\"12345678\");\n  cy.root().submit();\n});\ncy.contains(\"Your Feed\", {\n  timeout: 10000\n}).should(\"be.visible\");",
              "err": {},
              "uuid": "7302884e-dc29-4fa7-812c-e97b91cc8b48",
              "parentUUID": "d8191958-e616-4894-8173-2a288563c057",
              "isHook": false,
              "skipped": false
            },
            {
              "title": "Create a post",
              "fullTitle": "Create and mark-unmark as favorite Create a post",
              "timedOut": null,
              "duration": 1283,
              "state": "passed",
              "speed": "slow",
              "pass": true,
              "fail": false,
              "pending": false,
              "context": null,
              "code": "//cy.contains(\"New Post\").click();\ncy.get('ul.navbar-nav').children().contains('New Post').click();\ncy.hash().should(\"include\", \"#/editor\");\ncy.get('form').within($form => {\n  cy.get('input').first().type(\"Test\");\n  cy.get('input').eq(1).type(\"Test 1\");\n  cy.get('textarea').last().type(\"Test 2\"); //cy.get('input[placeholder=\"Article Title\"').type(\"Test\");\n  //cy.get('input[placeholder=\"What\\'s this article about?\"]').type(\"Test 1\");\n  //cy.get('textarea[placeholder=\"Write your article (in markdown)\"]').type(\"Test 2\");\n  cy.contains(\"Publish Article\").click();\n});\ncy.url().should(\"include\", \"article\");",
              "err": {},
              "uuid": "e0a329a2-6a8e-47c6-b0cb-f55b23a87b6c",
              "parentUUID": "d8191958-e616-4894-8173-2a288563c057",
              "isHook": false,
              "skipped": false
            },
            {
              "title": "Mark-unmark as favorite",
              "fullTitle": "Create and mark-unmark as favorite Mark-unmark as favorite",
              "timedOut": null,
              "duration": 1465,
              "state": "failed",
              "speed": null,
              "pass": false,
              "fail": true,
              "pending": false,
              "context": null,
              "code": "//cy.get(\".nav-link\").contains(\"dperez\").click();\ncy.get(\"ul.navbar-nav\").children().contains(\"dperez\").click();\ncy.contains(\"My Articles\").should(\"be.visible\");\ncy.get(\":nth-child(1) > .article-meta > .pull-xs-right > .btn > .ion-heart\").first().click();\ncy.contains(\"Favorited Articles\").click();\ncy.url().should(\"include\", \"favorites\");\ncy.get(\":nth-child(1) > .article-meta > .pull-xs-right > .btn > .ion-heart\").click(); //cy.reload()\n//cy.contains('No articles are here... yet.').should('be.visible')\n//cy.go('back')",
              "err": {
                "message": "TypeError: The following error originated from your application code, not from Cypress. It was caused by an unhandled promise rejection.\n\n  > Cannot read property 'forEach' of undefined\n\nWhen Cypress detects uncaught errors originating from your application it will automatically fail the current test.\n\nThis behavior is configurable, and you can choose to turn this off by listening to the `uncaught:exception` event.\n\nhttps://on.cypress.io/uncaught-exception-from-application",
                "estack": "TypeError: The following error originated from your application code, not from Cypress. It was caused by an unhandled promise rejection.\n\n  > Cannot read property 'forEach' of undefined\n\nWhen Cypress detects uncaught errors originating from your application it will automatically fail the current test.\n\nThis behavior is configurable, and you can choose to turn this off by listening to the `uncaught:exception` event.\n\nhttps://on.cypress.io/uncaught-exception-from-application\n    at module.exports (https://react-redux.realworld.io/main.js:28386:23)\n    at module.exports (https://react-redux.realworld.io/main.js:28304:12)\n    at dispatch (https://react-redux.realworld.io/main.js:27689:23)\n    at https://react-redux.realworld.io/main.js:28271:8\n    at https://react-redux.realworld.io/main.js:28253:8\n    at Object.dispatch (https://react-redux.realworld.io/main.js:28175:19)\n    at store.dispatch.type (https://react-redux.realworld.io/main.js:28240:18)",
                "diff": null
              },
              "uuid": "3f68cb55-2722-4893-ad73-33365ff0bd9f",
              "parentUUID": "d8191958-e616-4894-8173-2a288563c057",
              "isHook": false,
              "skipped": false
            }
          ],
          "suites": [],
          "passes": [
            "7302884e-dc29-4fa7-812c-e97b91cc8b48",
            "e0a329a2-6a8e-47c6-b0cb-f55b23a87b6c"
          ],
          "failures": [
            "3f68cb55-2722-4893-ad73-33365ff0bd9f"
          ],
          "pending": [],
          "skipped": [],
          "duration": 4970,
          "root": false,
          "rootEmpty": false,
          "_timeout": 2000
        }
      ],
      "passes": [],
      "failures": [],
      "pending": [],
      "skipped": [],
      "duration": 0,
      "root": true,
      "rootEmpty": true,
      "_timeout": 2000
    },
    {
      "uuid": "3781a7a0-33d0-4c10-b3d6-4a87ea886e3f",
      "title": "",
      "fullFile": "cypress/integration/examples/QAM/TC04_customCommand.spec.js",
      "file": "cypress/integration/examples/QAM/TC04_customCommand.spec.js",
      "beforeHooks": [],
      "afterHooks": [],
      "tests": [],
      "suites": [
        {
          "uuid": "72f020a0-5bbe-41c9-8fea-e49e75922d21",
          "title": "Create and mark-unmark as favorite",
          "fullFile": "",
          "file": "",
          "beforeHooks": [],
          "afterHooks": [],
          "tests": [
            {
              "title": "Create a post",
              "fullTitle": "Create and mark-unmark as favorite Create a post",
              "timedOut": null,
              "duration": 2754,
              "state": "passed",
              "speed": "slow",
              "pass": true,
              "fail": false,
              "pending": false,
              "context": null,
              "code": "//cy.contains(\"New Post\").click();\ncy.get('ul.navbar-nav').children().contains('New Post').click();\ncy.hash().should(\"include\", \"#/editor\");\ncy.get('form').within($form => {\n  cy.get('input').first().type(\"Test\");\n  cy.get('input').eq(1).type(\"Test 1\");\n  cy.get('textarea').last().type(\"Test 2\");\n  cy.contains(\"Publish Article\").click();\n});\ncy.url().should(\"include\", \"article\");",
              "err": {},
              "uuid": "013ec280-de72-4a5e-a5f4-165d0f59b01e",
              "parentUUID": "72f020a0-5bbe-41c9-8fea-e49e75922d21",
              "isHook": false,
              "skipped": false
            },
            {
              "title": "Mark-unmark as favorite",
              "fullTitle": "Create and mark-unmark as favorite Mark-unmark as favorite",
              "timedOut": null,
              "duration": 1044,
              "state": "passed",
              "speed": "slow",
              "pass": true,
              "fail": false,
              "pending": false,
              "context": null,
              "code": "//cy.get(\".nav-link\").contains(\"dperez\").click();\ncy.get(\"ul.navbar-nav\").children().contains(\"dperez\").click();\ncy.contains(\"My Articles\").should(\"be.visible\");\ncy.get(\".ion-heart\").first().click();\ncy.contains(\"Favorited Articles\").click();\ncy.url().should(\"include\", \"favorites\");\ncy.get(\".ion-heart\").first().click();",
              "err": {},
              "uuid": "b630b967-0e1a-4183-bfdb-2589c7da3017",
              "parentUUID": "72f020a0-5bbe-41c9-8fea-e49e75922d21",
              "isHook": false,
              "skipped": false
            }
          ],
          "suites": [],
          "passes": [
            "013ec280-de72-4a5e-a5f4-165d0f59b01e",
            "b630b967-0e1a-4183-bfdb-2589c7da3017"
          ],
          "failures": [],
          "pending": [],
          "skipped": [],
          "duration": 3798,
          "root": false,
          "rootEmpty": false,
          "_timeout": 2000
        }
      ],
      "passes": [],
      "failures": [],
      "pending": [],
      "skipped": [],
      "duration": 0,
      "root": true,
      "rootEmpty": true,
      "_timeout": 2000
    },
    {
      "uuid": "af60233e-4fd0-4d8b-8a11-c30c092284a6",
      "title": "",
      "fullFile": "cypress/integration/examples/QAM/TC05_thenCommand.spec.js",
      "file": "cypress/integration/examples/QAM/TC05_thenCommand.spec.js",
      "beforeHooks": [],
      "afterHooks": [],
      "tests": [],
      "suites": [
        {
          "uuid": "66dd83c1-43e2-4295-9c2b-84ff34e8ebd4",
          "title": "Create and mark-unmark as favorite",
          "fullFile": "",
          "file": "",
          "beforeHooks": [],
          "afterHooks": [],
          "tests": [
            {
              "title": "Create a post",
              "fullTitle": "Create and mark-unmark as favorite Create a post",
              "timedOut": null,
              "duration": 3537,
              "state": "passed",
              "speed": "slow",
              "pass": true,
              "fail": false,
              "pending": false,
              "context": null,
              "code": "//cy.contains(\"New Post\").click();\ncy.get('ul.navbar-nav').children().contains('New Post').click();\ncy.hash().should(\"include\", \"#/editor\");\ncy.get('form').within($form => {\n  cy.get('input').first().type(\"Test\");\n  cy.get('input').eq(1).type(\"Test 1\");\n  cy.get('textarea').last().type(\"Test 2\");\n  cy.contains(\"Publish Article\").click();\n});\ncy.url().should(\"include\", \"article\");",
              "err": {},
              "uuid": "d6f9d2dd-bcbc-49bc-b29b-f87e75abe6c9",
              "parentUUID": "66dd83c1-43e2-4295-9c2b-84ff34e8ebd4",
              "isHook": false,
              "skipped": false
            },
            {
              "title": "Mark-unmark as favorite",
              "fullTitle": "Create and mark-unmark as favorite Mark-unmark as favorite",
              "timedOut": null,
              "duration": 1254,
              "state": "failed",
              "speed": null,
              "pass": false,
              "fail": true,
              "pending": false,
              "context": null,
              "code": "//cy.get(\".nav-link\").contains(\"dperez\").click();\ncy.get(\"ul.navbar-nav\").children().contains(\"dperez\").click();\ncy.contains(\"My Articles\").should(\"be.visible\");\ncy.get(\".ion-heart\").first().click();\ncy.contains(\"Favorited Articles\").click();\ncy.url().should(\"include\", \"favorites\");\ncy.get('.btn-primary').first().then($fav => {\n  const favCount = $fav.text();\n  expect(parseInt(favCount)).to.eq(1);\n}).click();",
              "err": {
                "message": "TypeError: The following error originated from your application code, not from Cypress. It was caused by an unhandled promise rejection.\n\n  > Cannot read property 'forEach' of undefined\n\nWhen Cypress detects uncaught errors originating from your application it will automatically fail the current test.\n\nThis behavior is configurable, and you can choose to turn this off by listening to the `uncaught:exception` event.\n\nhttps://on.cypress.io/uncaught-exception-from-application",
                "estack": "TypeError: The following error originated from your application code, not from Cypress. It was caused by an unhandled promise rejection.\n\n  > Cannot read property 'forEach' of undefined\n\nWhen Cypress detects uncaught errors originating from your application it will automatically fail the current test.\n\nThis behavior is configurable, and you can choose to turn this off by listening to the `uncaught:exception` event.\n\nhttps://on.cypress.io/uncaught-exception-from-application\n    at module.exports (https://react-redux.realworld.io/main.js:28386:23)\n    at module.exports (https://react-redux.realworld.io/main.js:28304:12)\n    at dispatch (https://react-redux.realworld.io/main.js:27689:23)\n    at https://react-redux.realworld.io/main.js:28271:8\n    at https://react-redux.realworld.io/main.js:28253:8\n    at Object.dispatch (https://react-redux.realworld.io/main.js:28175:19)\n    at store.dispatch.type (https://react-redux.realworld.io/main.js:28240:18)",
                "diff": null
              },
              "uuid": "37eda23f-4cc0-4a05-9efe-3c77ca78b983",
              "parentUUID": "66dd83c1-43e2-4295-9c2b-84ff34e8ebd4",
              "isHook": false,
              "skipped": false
            }
          ],
          "suites": [],
          "passes": [
            "d6f9d2dd-bcbc-49bc-b29b-f87e75abe6c9"
          ],
          "failures": [
            "37eda23f-4cc0-4a05-9efe-3c77ca78b983"
          ],
          "pending": [],
          "skipped": [],
          "duration": 4791,
          "root": false,
          "rootEmpty": false,
          "_timeout": 2000
        }
      ],
      "passes": [],
      "failures": [],
      "pending": [],
      "skipped": [],
      "duration": 0,
      "root": true,
      "rootEmpty": true,
      "_timeout": 2000
    },
    {
      "uuid": "a740595c-e1bf-4538-a0e1-02ca73e13e3f",
      "title": "",
      "fullFile": "cypress/integration/examples/QAM/TC06_aliases.spec.js",
      "file": "cypress/integration/examples/QAM/TC06_aliases.spec.js",
      "beforeHooks": [],
      "afterHooks": [],
      "tests": [],
      "suites": [
        {
          "uuid": "e64da9b8-949d-4820-a382-1973ae26d77a",
          "title": "Create and mark-unmark as favorite",
          "fullFile": "",
          "file": "",
          "beforeHooks": [],
          "afterHooks": [],
          "tests": [
            {
              "title": "Create a post",
              "fullTitle": "Create and mark-unmark as favorite Create a post",
              "timedOut": null,
              "duration": 3310,
              "state": "passed",
              "speed": "slow",
              "pass": true,
              "fail": false,
              "pending": false,
              "context": null,
              "code": "//cy.contains(\"New Post\").click();\ncy.get('ul.navbar-nav').children().as('menu');\ncy.get('@menu').contains('New Post').click(); //cy.get('ul.navbar-nav').children().contains('New Post').click()\ncy.hash().should(\"include\", \"#/editor\");\ncy.get('form').within($form => {\n  cy.get('input').first().type(\"Test\");\n  cy.get('input').eq(1).type(\"Test 1\");\n  cy.get('textarea').last().type(\"Test 2\");\n  cy.contains(\"Publish Article\").click();\n});\ncy.url().should(\"include\", \"article\");",
              "err": {},
              "uuid": "7362eb87-7ff2-42e4-a941-f5c6af44a379",
              "parentUUID": "e64da9b8-949d-4820-a382-1973ae26d77a",
              "isHook": false,
              "skipped": false
            }
          ],
          "suites": [],
          "passes": [
            "7362eb87-7ff2-42e4-a941-f5c6af44a379"
          ],
          "failures": [],
          "pending": [],
          "skipped": [],
          "duration": 3310,
          "root": false,
          "rootEmpty": false,
          "_timeout": 2000
        }
      ],
      "passes": [],
      "failures": [],
      "pending": [],
      "skipped": [],
      "duration": 0,
      "root": true,
      "rootEmpty": true,
      "_timeout": 2000
    },
    {
      "uuid": "8c5c9ef5-e5cd-418f-813c-998169116753",
      "title": "",
      "fullFile": "cypress/integration/examples/QAM/TC07_plugin_uploadFiles.spec.js",
      "file": "cypress/integration/examples/QAM/TC07_plugin_uploadFiles.spec.js",
      "beforeHooks": [],
      "afterHooks": [],
      "tests": [],
      "suites": [
        {
          "uuid": "e85fccbe-5439-4f7d-85cd-2ad42fabcf90",
          "title": "Working with plugins",
          "fullFile": "",
          "file": "",
          "beforeHooks": [],
          "afterHooks": [],
          "tests": [
            {
              "title": "File upload",
              "fullTitle": "Working with plugins File upload",
              "timedOut": null,
              "duration": 1891,
              "state": "passed",
              "speed": "slow",
              "pass": true,
              "fail": false,
              "pending": false,
              "context": null,
              "code": "cy.visit(\"http://cgi-lib.berkeley.edu/ex/fup.html\");\nconst fileName = \"test.pdf\";\ncy.fixture(fileName).then(fileContent => {\n  cy.get('[type=\"file\"]').attachFile({\n    fileContent,\n    fileName,\n    mimeType: 'application/pdf'\n  });\n});\ncy.get('[type=\"submit\"]').click();\ncy.contains(\"You've uploaded a file. Your notes on the file were:\");",
              "err": {},
              "uuid": "f6ffc4bb-2dc5-4012-b7ab-fe43bc4b1e38",
              "parentUUID": "e85fccbe-5439-4f7d-85cd-2ad42fabcf90",
              "isHook": false,
              "skipped": false
            }
          ],
          "suites": [],
          "passes": [
            "f6ffc4bb-2dc5-4012-b7ab-fe43bc4b1e38"
          ],
          "failures": [],
          "pending": [],
          "skipped": [],
          "duration": 1891,
          "root": false,
          "rootEmpty": false,
          "_timeout": 2000
        }
      ],
      "passes": [],
      "failures": [],
      "pending": [],
      "skipped": [],
      "duration": 0,
      "root": true,
      "rootEmpty": true,
      "_timeout": 2000
    },
    {
      "uuid": "9877430f-d81f-4390-89d0-c17381031e7b",
      "title": "",
      "fullFile": "cypress/integration/examples/FirstTest.js",
      "file": "cypress/integration/examples/FirstTest.js",
      "beforeHooks": [],
      "afterHooks": [],
      "tests": [],
      "suites": [
        {
          "uuid": "72e6df41-e296-4e51-896b-33a53c762353",
          "title": "MyTestSuite",
          "fullFile": "",
          "file": "",
          "beforeHooks": [],
          "afterHooks": [],
          "tests": [
            {
              "title": "Verify Title Of The Page",
              "fullTitle": "MyTestSuite Verify Title Of The Page",
              "timedOut": null,
              "duration": 1853,
              "state": "passed",
              "speed": "slow",
              "pass": true,
              "fail": false,
              "pending": false,
              "context": null,
              "code": "cy.visit('https://demo.nopcommerce.com/');\ncy.title().should('eq', 'nopCommerce demo store');",
              "err": {},
              "uuid": "0a2fa3a7-d140-4a6c-b216-b52309983570",
              "parentUUID": "72e6df41-e296-4e51-896b-33a53c762353",
              "isHook": false,
              "skipped": false
            },
            {
              "title": "Verify Title Of The Page - Negative",
              "fullTitle": "MyTestSuite Verify Title Of The Page - Negative",
              "timedOut": null,
              "duration": 5435,
              "state": "failed",
              "speed": null,
              "pass": false,
              "fail": true,
              "pending": false,
              "context": null,
              "code": "cy.visit('https://demo.nopcommerce.com/');\ncy.title().should('eq', 'nopCommerce store');",
              "err": {
                "message": "AssertionError: Timed out retrying after 4000ms: expected 'nopCommerce demo store' to equal 'nopCommerce store'",
                "estack": "AssertionError: Timed out retrying after 4000ms: expected 'nopCommerce demo store' to equal 'nopCommerce store'\n    at Context.eval (https://demo.nopcommerce.com/__cypress/tests?p=cypress\\integration\\examples\\FirstTest.js:106:16)",
                "diff": "- 'nopCommerce demo store'\n+ 'nopCommerce store'\n"
              },
              "uuid": "fb7af91c-62d4-4309-ad0b-df1af96d9c35",
              "parentUUID": "72e6df41-e296-4e51-896b-33a53c762353",
              "isHook": false,
              "skipped": false
            }
          ],
          "suites": [],
          "passes": [
            "0a2fa3a7-d140-4a6c-b216-b52309983570"
          ],
          "failures": [
            "fb7af91c-62d4-4309-ad0b-df1af96d9c35"
          ],
          "pending": [],
          "skipped": [],
          "duration": 7288,
          "root": false,
          "rootEmpty": false,
          "_timeout": 2000
        }
      ],
      "passes": [],
      "failures": [],
      "pending": [],
      "skipped": [],
      "duration": 0,
      "root": true,
      "rootEmpty": true,
      "_timeout": 2000
    }
  ],
  "meta": {
    "mocha": {
      "version": "7.0.1"
    },
    "mochawesome": {
      "options": {
        "quiet": false,
        "reportFilename": "mochawesome",
        "saveHtml": false,
        "saveJson": true,
        "consoleReporter": "spec",
        "useInlineDiffs": false,
        "code": true
      },
      "version": "6.2.2"
    },
    "marge": {
      "options": {
        "id": "default",
        "reportDir": "cypress/reports/mocha",
        "quite": true,
        "overwrite": false,
        "html": false,
        "json": true
      },
      "version": "5.2.0"
    }
  }
}